[debug] [2022-04-05T01:16:22.563Z] ----------------------------------------------------------------------
[debug] [2022-04-05T01:16:22.565Z] Command:       C:\Program Files\nodejs\node.exe C:\Users\ziyad\AppData\Roaming\npm\node_modules\firebase-tools\lib\bin\firebase.js serve
[debug] [2022-04-05T01:16:22.565Z] CLI Version:   10.5.0
[debug] [2022-04-05T01:16:22.565Z] Platform:      win32
[debug] [2022-04-05T01:16:22.565Z] Node Version:  v14.16.1
[debug] [2022-04-05T01:16:22.566Z] Time:          Tue Apr 05 2022 03:16:22 GMT+0200 (Eastern European Standard Time)
[debug] [2022-04-05T01:16:22.566Z] ----------------------------------------------------------------------
[debug] 
[debug] [2022-04-05T01:16:22.625Z] > command requires scopes: ["email","openid","https://www.googleapis.com/auth/cloudplatformprojects.readonly","https://www.googleapis.com/auth/firebase","https://www.googleapis.com/auth/cloud-platform"]
[debug] [2022-04-05T01:16:22.625Z] > authorizing via signed-in user (ziyad.al.junaidi@gmail.com)
[debug] [2022-04-05T01:16:22.625Z] [iam] checking project medica72-5933c for permissions ["firebase.projects.get"]
[debug] [2022-04-05T01:16:22.627Z] >>> [apiv2][query] POST https://cloudresourcemanager.googleapis.com/v1/projects/medica72-5933c:testIamPermissions [none]
[debug] [2022-04-05T01:16:22.627Z] >>> [apiv2][body] POST https://cloudresourcemanager.googleapis.com/v1/projects/medica72-5933c:testIamPermissions {"permissions":["firebase.projects.get"]}
[debug] [2022-04-05T01:16:23.689Z] <<< [apiv2][status] POST https://cloudresourcemanager.googleapis.com/v1/projects/medica72-5933c:testIamPermissions 200
[debug] [2022-04-05T01:16:23.690Z] <<< [apiv2][body] POST https://cloudresourcemanager.googleapis.com/v1/projects/medica72-5933c:testIamPermissions {"permissions":["firebase.projects.get"]}
[debug] [2022-04-05T01:16:23.694Z] >>> [apiv2][query] GET https://firebase.googleapis.com/v1beta1/projects/medica72-5933c [none]
[debug] [2022-04-05T01:16:24.237Z] <<< [apiv2][status] GET https://firebase.googleapis.com/v1beta1/projects/medica72-5933c 200
[debug] [2022-04-05T01:16:24.238Z] <<< [apiv2][body] GET https://firebase.googleapis.com/v1beta1/projects/medica72-5933c {"projectId":"medica72-5933c","projectNumber":"814793286058","displayName":"medica72","name":"projects/medica72-5933c","resources":{"hostingSite":"medica72-5933c","storageBucket":"medica72-5933c.appspot.com","locationId":"us-central"},"state":"ACTIVE"}
[info] 
[info] === Serving from 'C:\Users\ziyad\Desktop\Medica.com-Backend'...
[info] 
[warn] !  Your requested "node" version "16" doesn't match your global version "14". Using node@14 from host. {"metadata":{"emulator":{"name":"functions"},"message":"Your requested \"node\" version \"16\" doesn't match your global version \"14\". Using node@14 from host."}}
[debug] [2022-04-05T01:16:24.281Z] defaultcredentials: writing to file C:\Users\ziyad\AppData\Roaming\firebase\ziyad_al.junaidi_gmail.com_application_default_credentials.json
[debug] [2022-04-05T01:16:24.285Z] Setting GAC to C:\Users\ziyad\AppData\Roaming\firebase\ziyad_al.junaidi_gmail.com_application_default_credentials.json {"metadata":{"emulator":{"name":"functions"},"message":"Setting GAC to C:\\Users\\ziyad\\AppData\\Roaming\\firebase\\ziyad_al.junaidi_gmail.com_application_default_credentials.json"}}
[debug] [2022-04-05T01:16:24.289Z] >>> [apiv2][query] GET https://firebase.googleapis.com/v1beta1/projects/medica72-5933c/adminSdkConfig [none]
[debug] [2022-04-05T01:16:24.749Z] <<< [apiv2][status] GET https://firebase.googleapis.com/v1beta1/projects/medica72-5933c/adminSdkConfig 200
[debug] [2022-04-05T01:16:24.749Z] <<< [apiv2][body] GET https://firebase.googleapis.com/v1beta1/projects/medica72-5933c/adminSdkConfig {"projectId":"medica72-5933c","storageBucket":"medica72-5933c.appspot.com","locationId":"us-central"}
[info] i  functions: Watching "C:\Users\ziyad\Desktop\Medica.com-Backend\functions" for Cloud Functions... {"metadata":{"emulator":{"name":"functions"},"message":"Watching \"C:\\Users\\ziyad\\Desktop\\Medica.com-Backend\\functions\" for Cloud Functions..."}}
[debug] [2022-04-05T01:16:24.798Z] Validating nodejs source
[warn] !  functions: package.json indicates an outdated version of firebase-functions. Please upgrade using npm install --save firebase-functions@latest in your functions directory. 
[debug] [2022-04-05T01:16:28.058Z] > [functions] package.json contents: {
  "name": "functions",
  "description": "Cloud Functions for Firebase",
  "scripts": {
    "lint": "eslint",
    "serve": "firebase emulators:start --only functions",
    "shell": "firebase functions:shell",
    "start": "npm run shell",
    "deploy": "firebase deploy --only functions",
    "logs": "firebase functions:log"
  },
  "engines": {
    "node": "16"
  },
  "main": "index.js",
  "dependencies": {
    "body-parser": "^1.19.1",
    "cors": "^2.8.5",
    "dotenv": "^10.0.0",
    "express": "^4.17.2",
    "firebase": "^9.6.8",
    "firebase-admin": "^10.0.2",
    "firebase-functions": "^3.18.0",
    "messagebird": "^3.7.2",
    "mongodb": "^4.2.2",
    "morgan": "^1.10.0",
    "node-fetch": "^2.6.7",
    "node-schedule": "^2.1.0",
    "request": "^2.88.2",
    "url": "^0.11.0"
  },
  "devDependencies": {
    "eslint": "^8.9.0",
    "eslint-config-google": "^0.14.0",
    "firebase-functions-test": "^0.2.0"
  },
  "private": true
}
[debug] [2022-04-05T01:16:28.058Z] Building nodejs source
[debug] [2022-04-05T01:16:28.059Z] Analyzing nodejs backend spec
[info] +  functions[us-central1-api]: http function initialized (http://localhost:5000/medica72-5933c/us-central1/api). {"metadata":{"emulator":{"name":"functions"},"message":"\u001b[1mhttp\u001b[22m function initialized (http://localhost:5000/medica72-5933c/us-central1/api)."}}
[debug] [2022-04-05T01:16:32.344Z] [work-queue] {"queueLength":1,"workRunningCount":0}
[debug] [2022-04-05T01:16:32.345Z] [work-queue] {"queueLength":0,"workRunningCount":1}
[debug] [2022-04-05T01:16:32.345Z] Accepted request GET /medica72-5933c/us-central1/api --> us-central1-api
[info] i  functions: Loaded environment variables from .env. 
[debug] [2022-04-05T01:16:32.354Z] [worker-pool] addWorker(us-central1-api) {"metadata":{"emulator":{"name":"functions"},"message":"[worker-pool] addWorker(us-central1-api)"}}
[debug] [2022-04-05T01:16:32.355Z] [worker-pool] Adding worker with key us-central1-api, total=1 {"metadata":{"emulator":{"name":"functions"},"message":"[worker-pool] Adding worker with key us-central1-api, total=1"}}
[debug] [2022-04-05T01:16:32.355Z] [worker-pool] submitWork(triggerId=us-central1-api) {"metadata":{"emulator":{"name":"functions"},"message":"[worker-pool] submitWork(triggerId=us-central1-api)"}}
[debug] [2022-04-05T01:16:32.355Z] [worker-us-central1-api-01bbf7ab-83a1-4f50-84f6-ccd688951645]: Assigning socketPath: \\?\pipe\C:\Users\ziyad\Desktop\Medica.com-Backend\functions\4476 {"metadata":{"emulator":{"name":"functions"},"message":"[worker-us-central1-api-01bbf7ab-83a1-4f50-84f6-ccd688951645]: Assigning socketPath: \\\\?\\pipe\\C:\\Users\\ziyad\\Desktop\\Medica.com-Backend\\functions\\4476"}}
[debug] [2022-04-05T01:16:32.355Z] [worker-us-central1-api-01bbf7ab-83a1-4f50-84f6-ccd688951645]: BUSY {"metadata":{"emulator":{"name":"functions"},"message":"[worker-us-central1-api-01bbf7ab-83a1-4f50-84f6-ccd688951645]: BUSY"}}
[debug] [2022-04-05T01:16:33.694Z] [runtime-status] [4476] Functions runtime initialized. {"cwd":"C:\\Users\\ziyad\\Desktop\\Medica.com-Backend\\functions","node_version":"14.16.1"} {"metadata":{"emulator":{"name":"functions"},"function":{"name":"us-central1-api"},"extension":{},"message":"[runtime-status] [4476] Functions runtime initialized. {\"cwd\":\"C:\\\\Users\\\\ziyad\\\\Desktop\\\\Medica.com-Backend\\\\functions\",\"node_version\":\"14.16.1\"}"}}
[debug] [2022-04-05T01:16:33.697Z] [runtime-status] [4476] Disabled runtime features: undefined {"metadata":{"emulator":{"name":"functions"},"function":{"name":"us-central1-api"},"extension":{},"message":"[runtime-status] [4476] Disabled runtime features: undefined"}}
[debug] [2022-04-05T01:16:33.700Z] [runtime-status] [4476] Resolved module firebase-admin {"declared":true,"installed":true,"version":"10.0.2","resolution":"C:\\Users\\ziyad\\Desktop\\Medica.com-Backend\\functions\\node_modules\\firebase-admin\\lib\\index.js"} {"metadata":{"emulator":{"name":"functions"},"function":{"name":"us-central1-api"},"extension":{},"message":"[runtime-status] [4476] Resolved module firebase-admin {\"declared\":true,\"installed\":true,\"version\":\"10.0.2\",\"resolution\":\"C:\\\\Users\\\\ziyad\\\\Desktop\\\\Medica.com-Backend\\\\functions\\\\node_modules\\\\firebase-admin\\\\lib\\\\index.js\"}"}}
[debug] [2022-04-05T01:16:33.701Z] [runtime-status] [4476] Resolved module firebase-functions {"declared":true,"installed":true,"version":"3.18.1","resolution":"C:\\Users\\ziyad\\Desktop\\Medica.com-Backend\\functions\\node_modules\\firebase-functions\\lib\\index.js"} {"metadata":{"emulator":{"name":"functions"},"function":{"name":"us-central1-api"},"extension":{},"message":"[runtime-status] [4476] Resolved module firebase-functions {\"declared\":true,\"installed\":true,\"version\":\"3.18.1\",\"resolution\":\"C:\\\\Users\\\\ziyad\\\\Desktop\\\\Medica.com-Backend\\\\functions\\\\node_modules\\\\firebase-functions\\\\lib\\\\index.js\"}"}}
[debug] [2022-04-05T01:16:33.702Z] [runtime-status] [4476] Outgoing network have been stubbed. [{"name":"http","status":"mocked"},{"name":"http","status":"mocked"},{"name":"https","status":"mocked"},{"name":"https","status":"mocked"},{"name":"net","status":"mocked"}] {"metadata":{"emulator":{"name":"functions"},"function":{"name":"us-central1-api"},"extension":{},"message":"[runtime-status] [4476] Outgoing network have been stubbed. [{\"name\":\"http\",\"status\":\"mocked\"},{\"name\":\"http\",\"status\":\"mocked\"},{\"name\":\"https\",\"status\":\"mocked\"},{\"name\":\"https\",\"status\":\"mocked\"},{\"name\":\"net\",\"status\":\"mocked\"}]"}}
[debug] [2022-04-05T01:16:33.703Z] [runtime-status] [4476] Resolved module firebase-functions {"declared":true,"installed":true,"version":"3.18.1","resolution":"C:\\Users\\ziyad\\Desktop\\Medica.com-Backend\\functions\\node_modules\\firebase-functions\\lib\\index.js"} {"metadata":{"emulator":{"name":"functions"},"function":{"name":"us-central1-api"},"extension":{},"message":"[runtime-status] [4476] Resolved module firebase-functions {\"declared\":true,\"installed\":true,\"version\":\"3.18.1\",\"resolution\":\"C:\\\\Users\\\\ziyad\\\\Desktop\\\\Medica.com-Backend\\\\functions\\\\node_modules\\\\firebase-functions\\\\lib\\\\index.js\"}"}}
[debug] [2022-04-05T01:16:33.749Z] [runtime-status] [4476] Checked functions.config() {"config":{}} {"metadata":{"emulator":{"name":"functions"},"function":{"name":"us-central1-api"},"extension":{},"message":"[runtime-status] [4476] Checked functions.config() {\"config\":{}}"}}
[debug] [2022-04-05T01:16:33.749Z] [runtime-status] [4476] firebase-functions has been stubbed. {"functionsResolution":{"declared":true,"installed":true,"version":"3.18.1","resolution":"C:\\Users\\ziyad\\Desktop\\Medica.com-Backend\\functions\\node_modules\\firebase-functions\\lib\\index.js"}} {"metadata":{"emulator":{"name":"functions"},"function":{"name":"us-central1-api"},"extension":{},"message":"[runtime-status] [4476] firebase-functions has been stubbed. {\"functionsResolution\":{\"declared\":true,\"installed\":true,\"version\":\"3.18.1\",\"resolution\":\"C:\\\\Users\\\\ziyad\\\\Desktop\\\\Medica.com-Backend\\\\functions\\\\node_modules\\\\firebase-functions\\\\lib\\\\index.js\"}}"}}
[debug] [2022-04-05T01:16:33.750Z] [runtime-status] [4476] Resolved module firebase-functions {"declared":true,"installed":true,"version":"3.18.1","resolution":"C:\\Users\\ziyad\\Desktop\\Medica.com-Backend\\functions\\node_modules\\firebase-functions\\lib\\index.js"} {"metadata":{"emulator":{"name":"functions"},"function":{"name":"us-central1-api"},"extension":{},"message":"[runtime-status] [4476] Resolved module firebase-functions {\"declared\":true,\"installed\":true,\"version\":\"3.18.1\",\"resolution\":\"C:\\\\Users\\\\ziyad\\\\Desktop\\\\Medica.com-Backend\\\\functions\\\\node_modules\\\\firebase-functions\\\\lib\\\\index.js\"}"}}
[debug] [2022-04-05T01:16:33.751Z] [runtime-status] [4476] Resolved module firebase-admin {"declared":true,"installed":true,"version":"10.0.2","resolution":"C:\\Users\\ziyad\\Desktop\\Medica.com-Backend\\functions\\node_modules\\firebase-admin\\lib\\index.js"} {"metadata":{"emulator":{"name":"functions"},"function":{"name":"us-central1-api"},"extension":{},"message":"[runtime-status] [4476] Resolved module firebase-admin {\"declared\":true,\"installed\":true,\"version\":\"10.0.2\",\"resolution\":\"C:\\\\Users\\\\ziyad\\\\Desktop\\\\Medica.com-Backend\\\\functions\\\\node_modules\\\\firebase-admin\\\\lib\\\\index.js\"}"}}
[debug] [2022-04-05T01:16:33.752Z] [runtime-status] [4476] Resolved module firebase-functions {"declared":true,"installed":true,"version":"3.18.1","resolution":"C:\\Users\\ziyad\\Desktop\\Medica.com-Backend\\functions\\node_modules\\firebase-functions\\lib\\index.js"} {"metadata":{"emulator":{"name":"functions"},"function":{"name":"us-central1-api"},"extension":{},"message":"[runtime-status] [4476] Resolved module firebase-functions {\"declared\":true,\"installed\":true,\"version\":\"3.18.1\",\"resolution\":\"C:\\\\Users\\\\ziyad\\\\Desktop\\\\Medica.com-Backend\\\\functions\\\\node_modules\\\\firebase-functions\\\\lib\\\\index.js\"}"}}
[debug] [2022-04-05T01:16:33.752Z] [runtime-status] [4476] firebase-admin has been stubbed. {"adminResolution":{"declared":true,"installed":true,"version":"10.0.2","resolution":"C:\\Users\\ziyad\\Desktop\\Medica.com-Backend\\functions\\node_modules\\firebase-admin\\lib\\index.js"}} {"metadata":{"emulator":{"name":"functions"},"function":{"name":"us-central1-api"},"extension":{},"message":"[runtime-status] [4476] firebase-admin has been stubbed. {\"adminResolution\":{\"declared\":true,\"installed\":true,\"version\":\"10.0.2\",\"resolution\":\"C:\\\\Users\\\\ziyad\\\\Desktop\\\\Medica.com-Backend\\\\functions\\\\node_modules\\\\firebase-admin\\\\lib\\\\index.js\"}}"}}
[debug] [2022-04-05T01:16:34.241Z] [runtime-status] [4476] Beginning invocation function api! {"metadata":{"emulator":{"name":"functions"},"function":{"name":"us-central1-api"},"extension":{},"message":"[runtime-status] [4476] Beginning invocation function api!"}}
[info] i  functions: Beginning execution of "api" {"metadata":{"emulator":{"name":"functions"},"function":{"name":"us-central1-api"},"extension":{},"message":"Beginning execution of \"api\""}}
[debug] [2022-04-05T01:16:34.242Z] [runtime-status] [4476] Running api in signature http {"metadata":{"emulator":{"name":"functions"},"function":{"name":"us-central1-api"},"extension":{},"message":"[runtime-status] [4476] Running api in signature http"}}
[debug] [2022-04-05T01:16:34.244Z] [runtime-status] [4476] Attempting to listen to socketPath: \\?\pipe\C:\Users\ziyad\Desktop\Medica.com-Backend\functions\4476 {"metadata":{"emulator":{"name":"functions"},"function":{"name":"us-central1-api"},"extension":{},"message":"[runtime-status] [4476] Attempting to listen to socketPath: \\\\?\\pipe\\C:\\Users\\ziyad\\Desktop\\Medica.com-Backend\\functions\\4476"}}
[debug] [2022-04-05T01:16:34.248Z] [functions] Runtime ready! Sending request! {"metadata":{"emulator":{"name":"functions"},"message":"[functions] Runtime ready! Sending request!"}}
[debug] [2022-04-05T01:16:34.249Z] [functions] Got req.url=/medica72-5933c/us-central1/api, mapping to path=/ {"metadata":{"emulator":{"name":"functions"},"message":"[functions] Got req.url=/medica72-5933c/us-central1/api, mapping to path=/"}}
[debug] [2022-04-05T01:16:34.253Z] [runtime-status] [4476] Ephemeral server handling GET request {"metadata":{"emulator":{"name":"functions"},"function":{"name":"us-central1-api"},"extension":{},"message":"[runtime-status] [4476] Ephemeral server handling GET request"}}
[info] >  testing route ;) {"user":"testing route ;)","metadata":{"emulator":{"name":"functions"},"function":{"name":"us-central1-api"},"extension":{},"message":"\u001b[90m> \u001b[39m testing route ;)"}}
[debug] [2022-04-05T01:16:34.260Z] [runtime-status] [4476] Ephemeral server survived. {"metadata":{"emulator":{"name":"functions"},"function":{"name":"us-central1-api"},"extension":{},"message":"[runtime-status] [4476] Ephemeral server survived."}}
[info] i  functions: Finished "api" in ~1s {"metadata":{"emulator":{"name":"functions"},"function":{"name":"us-central1-api"},"extension":{},"message":"Finished \"api\" in ~1s"}}
[debug] [2022-04-05T01:16:34.263Z] [worker-us-central1-api-01bbf7ab-83a1-4f50-84f6-ccd688951645]: IDLE {"metadata":{"emulator":{"name":"functions"},"message":"[worker-us-central1-api-01bbf7ab-83a1-4f50-84f6-ccd688951645]: IDLE"}}
[debug] [2022-04-05T01:16:34.263Z] [work-queue] {"queueLength":0,"workRunningCount":0}
[info] >  [2022-04-05T01:17:02.152Z]  @firebase/firestore: Firestore (9.6.8): Connection GRPC stream error. Code: 5 Message: 5 NOT_FOUND: No document to update: projects/medica72-5933c/databases/(default)/documents/history_appointments/17031 {"user":"[2022-04-05T01:17:02.152Z]  @firebase/firestore: Firestore (9.6.8): Connection GRPC stream error. Code: 5 Message: 5 NOT_FOUND: No document to update: projects/medica72-5933c/databases/(default)/documents/history_appointments/17031","metadata":{"emulator":{"name":"functions"},"function":{"name":"us-central1-api"},"extension":{},"message":"\u001b[90m> \u001b[39m [2022-04-05T01:17:02.152Z]  @firebase/firestore: Firestore (9.6.8): Connection GRPC stream error. Code: 5 Message: 5 NOT_FOUND: No document to update: projects/medica72-5933c/databases/(default)/documents/history_appointments/17031"}}
