[debug] [2022-07-01T15:11:47.909Z] ----------------------------------------------------------------------
[debug] [2022-07-01T15:11:47.911Z] Command:       C:\Program Files\nodejs\node.exe C:\Users\ziyad\AppData\Roaming\npm\node_modules\firebase-tools\lib\bin\firebase.js serve
[debug] [2022-07-01T15:11:47.911Z] CLI Version:   10.5.0
[debug] [2022-07-01T15:11:47.911Z] Platform:      win32
[debug] [2022-07-01T15:11:47.911Z] Node Version:  v14.16.1
[debug] [2022-07-01T15:11:47.912Z] Time:          Fri Jul 01 2022 17:11:47 GMT+0200 (Eastern European Standard Time)
[debug] [2022-07-01T15:11:47.912Z] ----------------------------------------------------------------------
[debug] 
[debug] [2022-07-01T15:11:47.916Z] >>> [apiv2][query] GET https://firebase-public.firebaseio.com/cli.json [none]
[debug] [2022-07-01T15:11:47.995Z] > command requires scopes: ["email","openid","https://www.googleapis.com/auth/cloudplatformprojects.readonly","https://www.googleapis.com/auth/firebase","https://www.googleapis.com/auth/cloud-platform"]
[debug] [2022-07-01T15:11:47.995Z] > authorizing via signed-in user (ziyad.al.junaidi@gmail.com)
[debug] [2022-07-01T15:11:47.995Z] [iam] checking project medica72-5933c for permissions ["firebase.projects.get"]
[debug] [2022-07-01T15:11:47.996Z] > refreshing access token with scopes: []
[debug] [2022-07-01T15:11:47.997Z] >>> HTTP REQUEST POST https://www.googleapis.com/oauth2/v3/token  
 <request body omitted>
[debug] [2022-07-01T15:11:49.366Z] <<< HTTP RESPONSE 200 {"date":"Fri, 01 Jul 2022 15:11:49 GMT","pragma":"no-cache","expires":"Mon, 01 Jan 1990 00:00:00 GMT","cache-control":"no-cache, no-store, max-age=0, must-revalidate","content-type":"application/json; charset=utf-8","vary":"X-Origin, Referer, Origin,Accept-Encoding","server":"scaffolding on HTTPServer2","x-xss-protection":"0","x-frame-options":"SAMEORIGIN","x-content-type-options":"nosniff","alt-svc":"h3=\":443\"; ma=2592000,h3-29=\":443\"; ma=2592000,h3-Q050=\":443\"; ma=2592000,h3-Q046=\":443\"; ma=2592000,h3-Q043=\":443\"; ma=2592000,quic=\":443\"; ma=2592000; v=\"46,43\"","accept-ranges":"none","transfer-encoding":"chunked"}
[debug] [2022-07-01T15:11:49.383Z] >>> [apiv2][query] POST https://cloudresourcemanager.googleapis.com/v1/projects/medica72-5933c:testIamPermissions [none]
[debug] [2022-07-01T15:11:49.383Z] >>> [apiv2][body] POST https://cloudresourcemanager.googleapis.com/v1/projects/medica72-5933c:testIamPermissions {"permissions":["firebase.projects.get"]}
[debug] [2022-07-01T15:11:50.320Z] <<< [apiv2][status] GET https://firebase-public.firebaseio.com/cli.json 200
[debug] [2022-07-01T15:11:50.320Z] <<< [apiv2][body] GET https://firebase-public.firebaseio.com/cli.json {"cloudBuildErrorAfter":1594252800000,"cloudBuildWarnAfter":1590019200000,"defaultNode10After":1594252800000,"minVersion":"3.0.5","node8DeploysDisabledAfter":1613390400000,"node8RuntimeDisabledAfter":1615809600000,"node8WarnAfter":1600128000000}
[debug] [2022-07-01T15:11:50.665Z] <<< [apiv2][status] POST https://cloudresourcemanager.googleapis.com/v1/projects/medica72-5933c:testIamPermissions 200
[debug] [2022-07-01T15:11:50.665Z] <<< [apiv2][body] POST https://cloudresourcemanager.googleapis.com/v1/projects/medica72-5933c:testIamPermissions {"permissions":["firebase.projects.get"]}
[debug] [2022-07-01T15:11:50.666Z] >>> [apiv2][query] GET https://firebase.googleapis.com/v1beta1/projects/medica72-5933c [none]
[debug] [2022-07-01T15:11:51.728Z] <<< [apiv2][status] GET https://firebase.googleapis.com/v1beta1/projects/medica72-5933c 200
[debug] [2022-07-01T15:11:51.728Z] <<< [apiv2][body] GET https://firebase.googleapis.com/v1beta1/projects/medica72-5933c {"projectId":"medica72-5933c","projectNumber":"814793286058","displayName":"medica72","name":"projects/medica72-5933c","resources":{"hostingSite":"medica72-5933c","storageBucket":"medica72-5933c.appspot.com","locationId":"us-central"},"state":"ACTIVE"}
[info] 
[info] === Serving from 'C:\Users\ziyad\Desktop\Medica.com-Backend'...
[info] 
[warn] !  Your requested "node" version "16" doesn't match your global version "14". Using node@14 from host. {"metadata":{"emulator":{"name":"functions"},"message":"Your requested \"node\" version \"16\" doesn't match your global version \"14\". Using node@14 from host."}}
[debug] [2022-07-01T15:11:51.739Z] defaultcredentials: writing to file C:\Users\ziyad\AppData\Roaming\firebase\ziyad_al.junaidi_gmail.com_application_default_credentials.json
[debug] [2022-07-01T15:11:51.740Z] Setting GAC to C:\Users\ziyad\AppData\Roaming\firebase\ziyad_al.junaidi_gmail.com_application_default_credentials.json {"metadata":{"emulator":{"name":"functions"},"message":"Setting GAC to C:\\Users\\ziyad\\AppData\\Roaming\\firebase\\ziyad_al.junaidi_gmail.com_application_default_credentials.json"}}
[debug] [2022-07-01T15:11:51.741Z] >>> [apiv2][query] GET https://firebase.googleapis.com/v1beta1/projects/medica72-5933c/adminSdkConfig [none]
[debug] [2022-07-01T15:11:53.335Z] <<< [apiv2][status] GET https://firebase.googleapis.com/v1beta1/projects/medica72-5933c/adminSdkConfig 200
[debug] [2022-07-01T15:11:53.336Z] <<< [apiv2][body] GET https://firebase.googleapis.com/v1beta1/projects/medica72-5933c/adminSdkConfig {"projectId":"medica72-5933c","storageBucket":"medica72-5933c.appspot.com","locationId":"us-central"}
[info] i  functions: Watching "C:\Users\ziyad\Desktop\Medica.com-Backend\functions" for Cloud Functions... {"metadata":{"emulator":{"name":"functions"},"message":"Watching \"C:\\Users\\ziyad\\Desktop\\Medica.com-Backend\\functions\" for Cloud Functions..."}}
[debug] [2022-07-01T15:11:53.379Z] Validating nodejs source
[warn] !  functions: package.json indicates an outdated version of firebase-functions. Please upgrade using npm install --save firebase-functions@latest in your functions directory. 
[debug] [2022-07-01T15:11:57.737Z] > [functions] package.json contents: {
  "name": "functions",
  "description": "Cloud Functions for Firebase",
  "scripts": {
    "lint": "eslint",
    "serve": "firebase emulators:start --only functions",
    "shell": "firebase functions:shell",
    "start": "npm run shell",
    "deploy": "firebase deploy --only functions",
    "logs": "firebase functions:log"
  },
  "engines": {
    "node": "16"
  },
  "main": "index.js",
  "dependencies": {
    "body-parser": "^1.19.1",
    "cors": "^2.8.5",
    "dotenv": "^10.0.0",
    "express": "^4.17.2",
    "firebase": "^9.6.8",
    "firebase-admin": "^10.0.2",
    "firebase-functions": "^3.18.0",
    "fuse.js": "^6.6.2",
    "messagebird": "^3.7.2",
    "mongodb": "^4.2.2",
    "morgan": "^1.10.0",
    "node-fetch": "^2.6.7",
    "node-schedule": "^2.1.0",
    "request": "^2.88.2",
    "url": "^0.11.0"
  },
  "devDependencies": {
    "eslint": "^8.9.0",
    "eslint-config-google": "^0.14.0",
    "firebase-functions-test": "^0.2.0"
  },
  "private": true
}
[debug] [2022-07-01T15:11:57.738Z] Building nodejs source
[debug] [2022-07-01T15:11:57.738Z] Analyzing nodejs backend spec
[info] +  functions[us-central1-api]: http function initialized (http://localhost:5000/medica72-5933c/us-central1/api). {"metadata":{"emulator":{"name":"functions"},"message":"\u001b[1mhttp\u001b[22m function initialized (http://localhost:5000/medica72-5933c/us-central1/api)."}}
[debug] [2022-07-01T15:12:01.768Z] [work-queue] {"queueLength":1,"workRunningCount":0}
[debug] [2022-07-01T15:12:01.768Z] [work-queue] {"queueLength":0,"workRunningCount":1}
[debug] [2022-07-01T15:12:01.769Z] Accepted request GET /medica72-5933c/us-central1/api --> us-central1-api
[info] i  functions: Loaded environment variables from .env. 
[debug] [2022-07-01T15:12:01.797Z] [worker-pool] addWorker(us-central1-api) {"metadata":{"emulator":{"name":"functions"},"message":"[worker-pool] addWorker(us-central1-api)"}}
[debug] [2022-07-01T15:12:01.798Z] [worker-pool] Adding worker with key us-central1-api, total=1 {"metadata":{"emulator":{"name":"functions"},"message":"[worker-pool] Adding worker with key us-central1-api, total=1"}}
[debug] [2022-07-01T15:12:01.799Z] [worker-pool] submitWork(triggerId=us-central1-api) {"metadata":{"emulator":{"name":"functions"},"message":"[worker-pool] submitWork(triggerId=us-central1-api)"}}
[debug] [2022-07-01T15:12:01.799Z] [worker-us-central1-api-f6029782-4ba8-465e-8c0c-cb92d8676545]: Assigning socketPath: \\?\pipe\C:\Users\ziyad\Desktop\Medica.com-Backend\functions\12040 {"metadata":{"emulator":{"name":"functions"},"message":"[worker-us-central1-api-f6029782-4ba8-465e-8c0c-cb92d8676545]: Assigning socketPath: \\\\?\\pipe\\C:\\Users\\ziyad\\Desktop\\Medica.com-Backend\\functions\\12040"}}
[debug] [2022-07-01T15:12:01.800Z] [worker-us-central1-api-f6029782-4ba8-465e-8c0c-cb92d8676545]: BUSY {"metadata":{"emulator":{"name":"functions"},"message":"[worker-us-central1-api-f6029782-4ba8-465e-8c0c-cb92d8676545]: BUSY"}}
[debug] [2022-07-01T15:12:03.283Z] [runtime-status] [12040] Functions runtime initialized. {"cwd":"C:\\Users\\ziyad\\Desktop\\Medica.com-Backend\\functions","node_version":"14.16.1"} {"metadata":{"emulator":{"name":"functions"},"function":{"name":"us-central1-api"},"extension":{},"message":"[runtime-status] [12040] Functions runtime initialized. {\"cwd\":\"C:\\\\Users\\\\ziyad\\\\Desktop\\\\Medica.com-Backend\\\\functions\",\"node_version\":\"14.16.1\"}"}}
[debug] [2022-07-01T15:12:03.286Z] [runtime-status] [12040] Disabled runtime features: undefined {"metadata":{"emulator":{"name":"functions"},"function":{"name":"us-central1-api"},"extension":{},"message":"[runtime-status] [12040] Disabled runtime features: undefined"}}
[debug] [2022-07-01T15:12:03.289Z] [runtime-status] [12040] Resolved module firebase-admin {"declared":true,"installed":true,"version":"10.0.2","resolution":"C:\\Users\\ziyad\\Desktop\\Medica.com-Backend\\functions\\node_modules\\firebase-admin\\lib\\index.js"} {"metadata":{"emulator":{"name":"functions"},"function":{"name":"us-central1-api"},"extension":{},"message":"[runtime-status] [12040] Resolved module firebase-admin {\"declared\":true,\"installed\":true,\"version\":\"10.0.2\",\"resolution\":\"C:\\\\Users\\\\ziyad\\\\Desktop\\\\Medica.com-Backend\\\\functions\\\\node_modules\\\\firebase-admin\\\\lib\\\\index.js\"}"}}
[debug] [2022-07-01T15:12:03.291Z] [runtime-status] [12040] Resolved module firebase-functions {"declared":true,"installed":true,"version":"3.18.1","resolution":"C:\\Users\\ziyad\\Desktop\\Medica.com-Backend\\functions\\node_modules\\firebase-functions\\lib\\index.js"} {"metadata":{"emulator":{"name":"functions"},"function":{"name":"us-central1-api"},"extension":{},"message":"[runtime-status] [12040] Resolved module firebase-functions {\"declared\":true,\"installed\":true,\"version\":\"3.18.1\",\"resolution\":\"C:\\\\Users\\\\ziyad\\\\Desktop\\\\Medica.com-Backend\\\\functions\\\\node_modules\\\\firebase-functions\\\\lib\\\\index.js\"}"}}
[debug] [2022-07-01T15:12:03.291Z] [runtime-status] [12040] Outgoing network have been stubbed. [{"name":"http","status":"mocked"},{"name":"http","status":"mocked"},{"name":"https","status":"mocked"},{"name":"https","status":"mocked"},{"name":"net","status":"mocked"}] {"metadata":{"emulator":{"name":"functions"},"function":{"name":"us-central1-api"},"extension":{},"message":"[runtime-status] [12040] Outgoing network have been stubbed. [{\"name\":\"http\",\"status\":\"mocked\"},{\"name\":\"http\",\"status\":\"mocked\"},{\"name\":\"https\",\"status\":\"mocked\"},{\"name\":\"https\",\"status\":\"mocked\"},{\"name\":\"net\",\"status\":\"mocked\"}]"}}
[debug] [2022-07-01T15:12:03.292Z] [runtime-status] [12040] Resolved module firebase-functions {"declared":true,"installed":true,"version":"3.18.1","resolution":"C:\\Users\\ziyad\\Desktop\\Medica.com-Backend\\functions\\node_modules\\firebase-functions\\lib\\index.js"} {"metadata":{"emulator":{"name":"functions"},"function":{"name":"us-central1-api"},"extension":{},"message":"[runtime-status] [12040] Resolved module firebase-functions {\"declared\":true,\"installed\":true,\"version\":\"3.18.1\",\"resolution\":\"C:\\\\Users\\\\ziyad\\\\Desktop\\\\Medica.com-Backend\\\\functions\\\\node_modules\\\\firebase-functions\\\\lib\\\\index.js\"}"}}
[debug] [2022-07-01T15:12:03.341Z] [runtime-status] [12040] Checked functions.config() {"config":{}} {"metadata":{"emulator":{"name":"functions"},"function":{"name":"us-central1-api"},"extension":{},"message":"[runtime-status] [12040] Checked functions.config() {\"config\":{}}"}}
[debug] [2022-07-01T15:12:03.341Z] [runtime-status] [12040] firebase-functions has been stubbed. {"functionsResolution":{"declared":true,"installed":true,"version":"3.18.1","resolution":"C:\\Users\\ziyad\\Desktop\\Medica.com-Backend\\functions\\node_modules\\firebase-functions\\lib\\index.js"}} {"metadata":{"emulator":{"name":"functions"},"function":{"name":"us-central1-api"},"extension":{},"message":"[runtime-status] [12040] firebase-functions has been stubbed. {\"functionsResolution\":{\"declared\":true,\"installed\":true,\"version\":\"3.18.1\",\"resolution\":\"C:\\\\Users\\\\ziyad\\\\Desktop\\\\Medica.com-Backend\\\\functions\\\\node_modules\\\\firebase-functions\\\\lib\\\\index.js\"}}"}}
[debug] [2022-07-01T15:12:03.342Z] [runtime-status] [12040] Resolved module firebase-functions {"declared":true,"installed":true,"version":"3.18.1","resolution":"C:\\Users\\ziyad\\Desktop\\Medica.com-Backend\\functions\\node_modules\\firebase-functions\\lib\\index.js"} {"metadata":{"emulator":{"name":"functions"},"function":{"name":"us-central1-api"},"extension":{},"message":"[runtime-status] [12040] Resolved module firebase-functions {\"declared\":true,\"installed\":true,\"version\":\"3.18.1\",\"resolution\":\"C:\\\\Users\\\\ziyad\\\\Desktop\\\\Medica.com-Backend\\\\functions\\\\node_modules\\\\firebase-functions\\\\lib\\\\index.js\"}"}}
[debug] [2022-07-01T15:12:03.343Z] [runtime-status] [12040] Resolved module firebase-admin {"declared":true,"installed":true,"version":"10.0.2","resolution":"C:\\Users\\ziyad\\Desktop\\Medica.com-Backend\\functions\\node_modules\\firebase-admin\\lib\\index.js"} {"metadata":{"emulator":{"name":"functions"},"function":{"name":"us-central1-api"},"extension":{},"message":"[runtime-status] [12040] Resolved module firebase-admin {\"declared\":true,\"installed\":true,\"version\":\"10.0.2\",\"resolution\":\"C:\\\\Users\\\\ziyad\\\\Desktop\\\\Medica.com-Backend\\\\functions\\\\node_modules\\\\firebase-admin\\\\lib\\\\index.js\"}"}}
[debug] [2022-07-01T15:12:03.344Z] [runtime-status] [12040] Resolved module firebase-functions {"declared":true,"installed":true,"version":"3.18.1","resolution":"C:\\Users\\ziyad\\Desktop\\Medica.com-Backend\\functions\\node_modules\\firebase-functions\\lib\\index.js"} {"metadata":{"emulator":{"name":"functions"},"function":{"name":"us-central1-api"},"extension":{},"message":"[runtime-status] [12040] Resolved module firebase-functions {\"declared\":true,\"installed\":true,\"version\":\"3.18.1\",\"resolution\":\"C:\\\\Users\\\\ziyad\\\\Desktop\\\\Medica.com-Backend\\\\functions\\\\node_modules\\\\firebase-functions\\\\lib\\\\index.js\"}"}}
[debug] [2022-07-01T15:12:03.344Z] [runtime-status] [12040] firebase-admin has been stubbed. {"adminResolution":{"declared":true,"installed":true,"version":"10.0.2","resolution":"C:\\Users\\ziyad\\Desktop\\Medica.com-Backend\\functions\\node_modules\\firebase-admin\\lib\\index.js"}} {"metadata":{"emulator":{"name":"functions"},"function":{"name":"us-central1-api"},"extension":{},"message":"[runtime-status] [12040] firebase-admin has been stubbed. {\"adminResolution\":{\"declared\":true,\"installed\":true,\"version\":\"10.0.2\",\"resolution\":\"C:\\\\Users\\\\ziyad\\\\Desktop\\\\Medica.com-Backend\\\\functions\\\\node_modules\\\\firebase-admin\\\\lib\\\\index.js\"}}"}}
[debug] [2022-07-01T15:12:03.832Z] [runtime-status] [12040] Beginning invocation function api! {"metadata":{"emulator":{"name":"functions"},"function":{"name":"us-central1-api"},"extension":{},"message":"[runtime-status] [12040] Beginning invocation function api!"}}
[info] i  functions: Beginning execution of "api" {"metadata":{"emulator":{"name":"functions"},"function":{"name":"us-central1-api"},"extension":{},"message":"Beginning execution of \"api\""}}
[debug] [2022-07-01T15:12:03.833Z] [runtime-status] [12040] Running api in signature http {"metadata":{"emulator":{"name":"functions"},"function":{"name":"us-central1-api"},"extension":{},"message":"[runtime-status] [12040] Running api in signature http"}}
[debug] [2022-07-01T15:12:03.835Z] [runtime-status] [12040] Attempting to listen to socketPath: \\?\pipe\C:\Users\ziyad\Desktop\Medica.com-Backend\functions\12040 {"metadata":{"emulator":{"name":"functions"},"function":{"name":"us-central1-api"},"extension":{},"message":"[runtime-status] [12040] Attempting to listen to socketPath: \\\\?\\pipe\\C:\\Users\\ziyad\\Desktop\\Medica.com-Backend\\functions\\12040"}}
[debug] [2022-07-01T15:12:03.841Z] [functions] Runtime ready! Sending request! {"metadata":{"emulator":{"name":"functions"},"message":"[functions] Runtime ready! Sending request!"}}
[debug] [2022-07-01T15:12:03.842Z] [functions] Got req.url=/medica72-5933c/us-central1/api, mapping to path=/ {"metadata":{"emulator":{"name":"functions"},"message":"[functions] Got req.url=/medica72-5933c/us-central1/api, mapping to path=/"}}
[debug] [2022-07-01T15:12:03.847Z] [runtime-status] [12040] Ephemeral server handling GET request {"metadata":{"emulator":{"name":"functions"},"function":{"name":"us-central1-api"},"extension":{},"message":"[runtime-status] [12040] Ephemeral server handling GET request"}}
[info] >  testing route ;) {"user":"testing route ;)","metadata":{"emulator":{"name":"functions"},"function":{"name":"us-central1-api"},"extension":{},"message":"\u001b[90m> \u001b[39m testing route ;)"}}
[debug] [2022-07-01T15:12:03.854Z] [runtime-status] [12040] Ephemeral server survived. {"metadata":{"emulator":{"name":"functions"},"function":{"name":"us-central1-api"},"extension":{},"message":"[runtime-status] [12040] Ephemeral server survived."}}
[info] i  functions: Finished "api" in ~1s {"metadata":{"emulator":{"name":"functions"},"function":{"name":"us-central1-api"},"extension":{},"message":"Finished \"api\" in ~1s"}}
[debug] [2022-07-01T15:12:03.858Z] [worker-us-central1-api-f6029782-4ba8-465e-8c0c-cb92d8676545]: IDLE {"metadata":{"emulator":{"name":"functions"},"message":"[worker-us-central1-api-f6029782-4ba8-465e-8c0c-cb92d8676545]: IDLE"}}
[debug] [2022-07-01T15:12:03.859Z] [work-queue] {"queueLength":0,"workRunningCount":0}
[debug] [2022-07-01T15:12:03.944Z] Functions emulator received unknown request at path /favicon.ico
[debug] [2022-07-01T15:12:28.719Z] [work-queue] {"queueLength":1,"workRunningCount":0}
[debug] [2022-07-01T15:12:28.719Z] [work-queue] {"queueLength":0,"workRunningCount":1}
[debug] [2022-07-01T15:12:28.719Z] Accepted request GET /medica72-5933c/us-central1/api/appointments_history?doc_id=17020 --> us-central1-api
[debug] [2022-07-01T15:12:28.719Z] [worker-pool] submitWork(triggerId=us-central1-api) {"metadata":{"emulator":{"name":"functions"},"message":"[worker-pool] submitWork(triggerId=us-central1-api)"}}
[debug] [2022-07-01T15:12:28.720Z] [worker-us-central1-api-f6029782-4ba8-465e-8c0c-cb92d8676545]: Assigning socketPath: \\?\pipe\C:\Users\ziyad\Desktop\Medica.com-Backend\functions\12040 {"metadata":{"emulator":{"name":"functions"},"message":"[worker-us-central1-api-f6029782-4ba8-465e-8c0c-cb92d8676545]: Assigning socketPath: \\\\?\\pipe\\C:\\Users\\ziyad\\Desktop\\Medica.com-Backend\\functions\\12040"}}
[debug] [2022-07-01T15:12:28.720Z] [worker-us-central1-api-f6029782-4ba8-465e-8c0c-cb92d8676545]: BUSY {"metadata":{"emulator":{"name":"functions"},"message":"[worker-us-central1-api-f6029782-4ba8-465e-8c0c-cb92d8676545]: BUSY"}}
[debug] [2022-07-01T15:12:28.720Z] [runtime-status] [12040] Beginning invocation function api! {"metadata":{"emulator":{"name":"functions"},"function":{"name":"us-central1-api"},"extension":{},"message":"[runtime-status] [12040] Beginning invocation function api!"}}
[info] i  functions: Beginning execution of "api" {"metadata":{"emulator":{"name":"functions"},"function":{"name":"us-central1-api"},"extension":{},"message":"Beginning execution of \"api\""}}
[debug] [2022-07-01T15:12:28.721Z] [runtime-status] [12040] Running api in signature http {"metadata":{"emulator":{"name":"functions"},"function":{"name":"us-central1-api"},"extension":{},"message":"[runtime-status] [12040] Running api in signature http"}}
[debug] [2022-07-01T15:12:28.721Z] [runtime-status] [12040] Attempting to listen to socketPath: \\?\pipe\C:\Users\ziyad\Desktop\Medica.com-Backend\functions\12040 {"metadata":{"emulator":{"name":"functions"},"function":{"name":"us-central1-api"},"extension":{},"message":"[runtime-status] [12040] Attempting to listen to socketPath: \\\\?\\pipe\\C:\\Users\\ziyad\\Desktop\\Medica.com-Backend\\functions\\12040"}}
[debug] [2022-07-01T15:12:28.723Z] [functions] Runtime ready! Sending request! {"metadata":{"emulator":{"name":"functions"},"message":"[functions] Runtime ready! Sending request!"}}
[debug] [2022-07-01T15:12:28.724Z] [functions] Got req.url=/medica72-5933c/us-central1/api/appointments_history?doc_id=17020, mapping to path=/appointments_history?doc_id=17020 {"metadata":{"emulator":{"name":"functions"},"message":"[functions] Got req.url=/medica72-5933c/us-central1/api/appointments_history?doc_id=17020, mapping to path=/appointments_history?doc_id=17020"}}
[debug] [2022-07-01T15:12:28.726Z] [runtime-status] [12040] Ephemeral server handling GET request {"metadata":{"emulator":{"name":"functions"},"function":{"name":"us-central1-api"},"extension":{},"message":"[runtime-status] [12040] Ephemeral server handling GET request"}}
[debug] [2022-07-01T15:12:28.728Z] [runtime-status] [12040] Ephemeral server survived. {"metadata":{"emulator":{"name":"functions"},"function":{"name":"us-central1-api"},"extension":{},"message":"[runtime-status] [12040] Ephemeral server survived."}}
[info] >  [ {"user":"[","metadata":{"emulator":{"name":"functions"},"function":{"name":"us-central1-api"},"extension":{},"message":"\u001b[90m> \u001b[39m ["}}
[info] >    { {"user":"  {","metadata":{"emulator":{"name":"functions"},"function":{"name":"us-central1-api"},"extension":{},"message":"\u001b[90m> \u001b[39m   {"}}
[info] >      date_stamp: '07/14/2022', {"user":"    date_stamp: '07/14/2022',","metadata":{"emulator":{"name":"functions"},"function":{"name":"us-central1-api"},"extension":{},"message":"\u001b[90m> \u001b[39m     date_stamp: '07/14/2022',"}}
[info] >      reason_code: '2', {"user":"    reason_code: '2',","metadata":{"emulator":{"name":"functions"},"function":{"name":"us-central1-api"},"extension":{},"message":"\u001b[90m> \u001b[39m     reason_code: '2',"}}
[info] >      clinic: '0', {"user":"    clinic: '0',","metadata":{"emulator":{"name":"functions"},"function":{"name":"us-central1-api"},"extension":{},"message":"\u001b[90m> \u001b[39m     clinic: '0',"}}
[info] >      prescription: 'none', {"user":"    prescription: 'none',","metadata":{"emulator":{"name":"functions"},"function":{"name":"us-central1-api"},"extension":{},"message":"\u001b[90m> \u001b[39m     prescription: 'none',"}}
[info] >      user_id: '181656190225600', {"user":"    user_id: '181656190225600',","metadata":{"emulator":{"name":"functions"},"function":{"name":"us-central1-api"},"extension":{},"message":"\u001b[90m> \u001b[39m     user_id: '181656190225600',"}}
[info] >      status_code: '5', {"user":"    status_code: '5',","metadata":{"emulator":{"name":"functions"},"function":{"name":"us-central1-api"},"extension":{},"message":"\u001b[90m> \u001b[39m     status_code: '5',"}}
[info] >      fees: '130', {"user":"    fees: '130',","metadata":{"emulator":{"name":"functions"},"function":{"name":"us-central1-api"},"extension":{},"message":"\u001b[90m> \u001b[39m     fees: '130',"}}
[info] >      visit_id: '1656190546808', {"user":"    visit_id: '1656190546808',","metadata":{"emulator":{"name":"functions"},"function":{"name":"us-central1-api"},"extension":{},"message":"\u001b[90m> \u001b[39m     visit_id: '1656190546808',"}}
[info] >      user_time: '600' {"user":"    user_time: '600'","metadata":{"emulator":{"name":"functions"},"function":{"name":"us-central1-api"},"extension":{},"message":"\u001b[90m> \u001b[39m     user_time: '600'"}}
[info] >    }, {"user":"  },","metadata":{"emulator":{"name":"functions"},"function":{"name":"us-central1-api"},"extension":{},"message":"\u001b[90m> \u001b[39m   },"}}
[info] >    { {"user":"  {","metadata":{"emulator":{"name":"functions"},"function":{"name":"us-central1-api"},"extension":{},"message":"\u001b[90m> \u001b[39m   {"}}
[info] >      user_id: '181656620495283', {"user":"    user_id: '181656620495283',","metadata":{"emulator":{"name":"functions"},"function":{"name":"us-central1-api"},"extension":{},"message":"\u001b[90m> \u001b[39m     user_id: '181656620495283',"}}
[info] >      status_code: '5', {"user":"    status_code: '5',","metadata":{"emulator":{"name":"functions"},"function":{"name":"us-central1-api"},"extension":{},"message":"\u001b[90m> \u001b[39m     status_code: '5',"}}
[info] >      visit_id: '1656627605921', {"user":"    visit_id: '1656627605921',","metadata":{"emulator":{"name":"functions"},"function":{"name":"us-central1-api"},"extension":{},"message":"\u001b[90m> \u001b[39m     visit_id: '1656627605921',"}}
[info] >      reason_code: '2', {"user":"    reason_code: '2',","metadata":{"emulator":{"name":"functions"},"function":{"name":"us-central1-api"},"extension":{},"message":"\u001b[90m> \u001b[39m     reason_code: '2',"}}
[info] >      date_stamp: '07/13/2022', {"user":"    date_stamp: '07/13/2022',","metadata":{"emulator":{"name":"functions"},"function":{"name":"us-central1-api"},"extension":{},"message":"\u001b[90m> \u001b[39m     date_stamp: '07/13/2022',"}}
[info] >      clinic: '0', {"user":"    clinic: '0',","metadata":{"emulator":{"name":"functions"},"function":{"name":"us-central1-api"},"extension":{},"message":"\u001b[90m> \u001b[39m     clinic: '0',"}}
[info] >      fees: '130', {"user":"    fees: '130',","metadata":{"emulator":{"name":"functions"},"function":{"name":"us-central1-api"},"extension":{},"message":"\u001b[90m> \u001b[39m     fees: '130',"}}
[info] >      user_time: '745', {"user":"    user_time: '745',","metadata":{"emulator":{"name":"functions"},"function":{"name":"us-central1-api"},"extension":{},"message":"\u001b[90m> \u001b[39m     user_time: '745',"}}
[info] >      prescription: 'none' {"user":"    prescription: 'none'","metadata":{"emulator":{"name":"functions"},"function":{"name":"us-central1-api"},"extension":{},"message":"\u001b[90m> \u001b[39m     prescription: 'none'"}}
[info] >    } {"user":"  }","metadata":{"emulator":{"name":"functions"},"function":{"name":"us-central1-api"},"extension":{},"message":"\u001b[90m> \u001b[39m   }"}}
[info] >  ] {"user":"]","metadata":{"emulator":{"name":"functions"},"function":{"name":"us-central1-api"},"extension":{},"message":"\u001b[90m> \u001b[39m ]"}}
[info] i  functions: Finished "api" in ~1s {"metadata":{"emulator":{"name":"functions"},"function":{"name":"us-central1-api"},"extension":{},"message":"Finished \"api\" in ~1s"}}
[debug] [2022-07-01T15:12:30.153Z] [worker-us-central1-api-f6029782-4ba8-465e-8c0c-cb92d8676545]: IDLE {"metadata":{"emulator":{"name":"functions"},"message":"[worker-us-central1-api-f6029782-4ba8-465e-8c0c-cb92d8676545]: IDLE"}}
[debug] [2022-07-01T15:12:30.153Z] [work-queue] {"queueLength":0,"workRunningCount":0}
